<?xml version="1.0" encoding="UTF-8"?>
<checkstyle version="4.3">
<file name="gradle-extensions-subprojects/gradle-properties-extensions/main/kotlin/com/javiersc/gradle/properties/extensions/ProjectProperties.kt">
	<error line="1" column="1" severity="warning" message="File &apos;/home/runner/work/gradle-extensions/gradle-extensions/gradle-extensions-subprojects/gradle-properties-extensions/main/kotlin/com/javiersc/gradle/properties/extensions/ProjectProperties.kt&apos; with &apos;12&apos; functions detected. Defined threshold inside files is set to &apos;11&apos;" source="detekt.TooManyFunctions" />
</file>
<file name="gradle-extensions-subprojects/gradle-properties-extensions/main/kotlin/com/javiersc/gradle/properties/extensions/SettingsProperties.kt">
	<error line="1" column="1" severity="warning" message="File &apos;/home/runner/work/gradle-extensions/gradle-extensions/gradle-extensions-subprojects/gradle-properties-extensions/main/kotlin/com/javiersc/gradle/properties/extensions/SettingsProperties.kt&apos; with &apos;11&apos; functions detected. Defined threshold inside files is set to &apos;11&apos;" source="detekt.TooManyFunctions" />
</file>
<file name="gradle-test-extensions-subprojects/gradle-testkit-test-extensions/main/kotlin/com/javiersc/gradle/testkit/test/extensions/GradleTest.kt">
	<error line="17" column="33" severity="warning" message="The function gradleTestKitTest(sandboxPath: String?, name: String, withDebug: Boolean, withPluginClasspath: Boolean, isolated: Boolean, test: GradleRunner.() -&gt; Unit) has too many parameters. The current threshold is set to 6." source="detekt.LongParameterList" />
	<error line="135" column="16" severity="warning" message="info is returning a constant. Prefer declaring a constant instead." source="detekt.FunctionOnlyReturningConstant" />
	<error line="141" column="16" severity="warning" message="stacktrace is returning a constant. Prefer declaring a constant instead." source="detekt.FunctionOnlyReturningConstant" />
	<error line="147" column="16" severity="warning" message="scan is returning a constant. Prefer declaring a constant instead." source="detekt.FunctionOnlyReturningConstant" />
	<error line="153" column="16" severity="warning" message="buildCache is returning a constant. Prefer declaring a constant instead." source="detekt.FunctionOnlyReturningConstant" />
	<error line="159" column="16" severity="warning" message="noBuildCache is returning a constant. Prefer declaring a constant instead." source="detekt.FunctionOnlyReturningConstant" />
	<error line="165" column="16" severity="warning" message="configurationCache is returning a constant. Prefer declaring a constant instead." source="detekt.FunctionOnlyReturningConstant" />
	<error line="171" column="16" severity="warning" message="noConfigurationCache is returning a constant. Prefer declaring a constant instead." source="detekt.FunctionOnlyReturningConstant" />
	<error line="177" column="16" severity="warning" message="configurationCacheProblemsWarn is returning a constant. Prefer declaring a constant instead." source="detekt.FunctionOnlyReturningConstant" />
	<error line="11" column="1" severity="warning" message="An abstract class without an abstract member can be refactored to a concrete class." source="detekt.UnnecessaryAbstractClass" />
</file>
<file name="gradle-extensions-subprojects/gradle-miscellanea-extensions/main/kotlin/com/javiersc/gradle/miscellanea/extensions/ForUseAtConfigurationTime.kt">
	<error line="17" column="18" severity="warning" message="The caught exception is too generic. Prefer catching specific exceptions to the case that is currently handled." source="detekt.TooGenericExceptionCaught" />
	<error line="23" column="17" severity="warning" message="RuntimeException is a too generic Exception. Prefer throwing specific exceptions that indicate a specific error case." source="detekt.TooGenericExceptionThrown" />
	<error line="11" column="1" severity="warning" message="This comment contains &apos;TODO:&apos; that has been defined as forbidden in detekt." source="detekt.ForbiddenComment" />
</file>
<file name="gradle-extensions-subprojects/gradle-delegated-properties-extensions/main/kotlin/com/javiersc/gradle/delegated/properties/extensions/DelegatedProperties.kt">
	<error line="8" column="1" severity="warning" message="The file name &apos;DelegatedProperties&apos; does not match the name of the single top-level declaration &apos;DelegatedProperty&apos;." source="detekt.MatchingDeclarationName" />
</file>
<file name="gradle-test-extensions-subprojects/gradle-testkit-test-extensions/main/kotlin/com/javiersc/gradle/testkit/test/extensions/_internal/argumentsTxt.kt">
	<error line="1" column="1" severity="warning" message="Package name should match the pattern: [a-z]+(\.[a-z][A-Za-z0-9]*)*" source="detekt.PackageNaming" />
</file>
</checkstyle>